[2025-04-14 15:34:49,636][root][INFO] - FL_Task - {"dataset": "MNIST", "start_execution_time": "2025-04-14 15:34:49"}
[2025-04-14 15:34:49,699][__main__][INFO] - data loaded
[2025-04-14 15:34:49,724][root][INFO] - init model_type: hyperparameter
[2025-04-14 15:36:43,651][root][INFO] - bulid model
[2025-04-14 15:36:43,651][root][INFO] - FL start
[2025-04-14 15:36:43,662][client_api][INFO] - FL_server_IP:port - ccl.gachon.ac.kr:40025
[2025-04-14 15:36:43,664][root][INFO] - FL learning ready
[2025-04-14 15:36:43,664][root][INFO] - fl_task_id: mnist22
[2025-04-14 15:36:43,664][root][INFO] - dataset: MNIST
[2025-04-14 15:36:43,664][root][INFO] - output_size: 10
[2025-04-14 15:36:43,664][root][INFO] - validation_split: 0.2
[2025-04-14 15:36:43,664][root][INFO] - model_type: hyperparameter
[2025-04-14 15:36:43,665][root][INFO] - wandb_key: 38f6cf3c2c37660d42ebfe8ab434b72d34be3b31
[2025-04-14 15:36:43,665][root][INFO] - wandb_account: rirakang@gachon.ac.kr
[2025-04-14 15:36:45,182][flwr][WARNING] - DEPRECATED FEATURE: flwr.client.start_numpy_client() is deprecated. 
	Instead, use `flwr.client.start_client()` by ensuring you first call the `.to_client()` method as shown below: 
	flwr.client.start_client(
		server_address='<IP>:<PORT>',
		client=FlowerClient().to_client(), # <-- where FlowerClient is of type flwr.client.NumPyClient object
	)
	Using `start_numpy_client()` is deprecated.

            This is a deprecated feature. It will be removed
            entirely in future versions of Flower.
        
[2025-04-14 15:36:45,183][flwr][WARNING] - DEPRECATED FEATURE: flwr.client.start_client() is deprecated.
	Instead, use the `flower-supernode` CLI command to start a SuperNode as shown below:

		$ flower-supernode --insecure --superlink='<IP>:<PORT>'

	To view all available options, run:

		$ flower-supernode --help

	Using `start_client()` is deprecated.

            This is a deprecated feature. It will be removed
            entirely in future versions of Flower.
        
[2025-04-14 15:36:45,197][flwr][DEBUG] - Opened insecure gRPC connection (no certificates were passed)
[2025-04-14 15:36:45,201][flwr][DEBUG] - ChannelConnectivity.IDLE
[2025-04-14 15:36:45,203][flwr][DEBUG] - ChannelConnectivity.CONNECTING
[2025-04-14 15:36:45,208][flwr][DEBUG] - ChannelConnectivity.TRANSIENT_FAILURE
[2025-04-14 15:36:45,411][flwr][DEBUG] - gRPC channel closed
[2025-04-14 15:36:45,412][root][INFO] - [E][PC0002] learning <_MultiThreadedRendezvous of RPC that terminated with:
	status = StatusCode.UNAVAILABLE
	details = "failed to connect to all addresses; last error: UNAVAILABLE: ipv4:192.9.201.228:40025: Socket closed"
	debug_error_string = "UNKNOWN:Error received from peer  {created_time:"2025-04-14T15:36:45.207659236+09:00", grpc_status:14, grpc_message:"failed to connect to all addresses; last error: UNAVAILABLE: ipv4:192.9.201.228:40025: Socket closed"}"
>
[2025-04-14 15:36:45,413][root][INFO] - notify_fail start
[2025-04-14 15:36:45,434][root][ERROR] - trainFin
[2025-04-14 15:45:59,119][root][INFO] - bulid model
[2025-04-14 15:45:59,120][root][INFO] - FL start
[2025-04-14 15:45:59,131][client_api][INFO] - FL_server_IP:port - ccl.gachon.ac.kr:40025
[2025-04-14 15:45:59,133][root][INFO] - FL learning ready
[2025-04-14 15:45:59,133][root][INFO] - fl_task_id: mnist22
[2025-04-14 15:45:59,133][root][INFO] - dataset: MNIST
[2025-04-14 15:45:59,134][root][INFO] - output_size: 10
[2025-04-14 15:45:59,134][root][INFO] - validation_split: 0.2
[2025-04-14 15:45:59,135][root][INFO] - model_type: hyperparameter
[2025-04-14 15:45:59,135][root][INFO] - wandb_key: 38f6cf3c2c37660d42ebfe8ab434b72d34be3b31
[2025-04-14 15:45:59,135][root][INFO] - wandb_account: rirakang@gachon.ac.kr
[2025-04-14 15:45:59,143][flwr][WARNING] - DEPRECATED FEATURE: flwr.client.start_numpy_client() is deprecated. 
	Instead, use `flwr.client.start_client()` by ensuring you first call the `.to_client()` method as shown below: 
	flwr.client.start_client(
		server_address='<IP>:<PORT>',
		client=FlowerClient().to_client(), # <-- where FlowerClient is of type flwr.client.NumPyClient object
	)
	Using `start_numpy_client()` is deprecated.

            This is a deprecated feature. It will be removed
            entirely in future versions of Flower.
        
[2025-04-14 15:45:59,144][flwr][WARNING] - DEPRECATED FEATURE: flwr.client.start_client() is deprecated.
	Instead, use the `flower-supernode` CLI command to start a SuperNode as shown below:

		$ flower-supernode --insecure --superlink='<IP>:<PORT>'

	To view all available options, run:

		$ flower-supernode --help

	Using `start_client()` is deprecated.

            This is a deprecated feature. It will be removed
            entirely in future versions of Flower.
        
[2025-04-14 15:45:59,146][flwr][DEBUG] - Opened insecure gRPC connection (no certificates were passed)
[2025-04-14 15:45:59,152][flwr][DEBUG] - ChannelConnectivity.IDLE
[2025-04-14 15:45:59,152][flwr][DEBUG] - ChannelConnectivity.CONNECTING
[2025-04-14 15:45:59,157][flwr][DEBUG] - ChannelConnectivity.TRANSIENT_FAILURE
[2025-04-14 15:45:59,360][flwr][DEBUG] - gRPC channel closed
[2025-04-14 15:45:59,361][root][INFO] - [E][PC0002] learning <_MultiThreadedRendezvous of RPC that terminated with:
	status = StatusCode.UNAVAILABLE
	details = "failed to connect to all addresses; last error: UNAVAILABLE: ipv4:192.9.201.228:40025: Socket closed"
	debug_error_string = "UNKNOWN:Error received from peer  {created_time:"2025-04-14T15:45:59.157262937+09:00", grpc_status:14, grpc_message:"failed to connect to all addresses; last error: UNAVAILABLE: ipv4:192.9.201.228:40025: Socket closed"}"
>
[2025-04-14 15:45:59,361][root][INFO] - notify_fail start
[2025-04-14 15:45:59,383][root][ERROR] - trainFin
