[2025-04-14 11:48:14,097][root][INFO] - FL_Task - {"dataset": "MNIST", "start_execution_time": "2025-04-14 11:48:14"}
[2025-04-14 11:48:14,160][__main__][INFO] - data loaded
[2025-04-14 11:48:14,189][__main__][INFO] - Latest Local Model download
[2025-04-14 11:48:14,190][root][INFO] - downloaded local_model_name: MNISTClassifier_local_model_V2.pth
[2025-04-14 11:48:14,203][root][INFO] - init model_type: hyperparameter
[2025-04-14 11:50:08,728][root][INFO] - bulid model
[2025-04-14 11:50:08,729][root][INFO] - FL start
[2025-04-14 11:50:08,737][client_api][INFO] - FL_server_IP:port - ccl.gachon.ac.kr:40025
[2025-04-14 11:50:08,738][root][INFO] - FL learning ready
[2025-04-14 11:50:08,739][root][INFO] - fl_task_id: mnist
[2025-04-14 11:50:08,739][root][INFO] - dataset: MNIST
[2025-04-14 11:50:08,739][root][INFO] - output_size: 10
[2025-04-14 11:50:08,739][root][INFO] - validation_split: 0.2
[2025-04-14 11:50:08,739][root][INFO] - model_type: hyperparameter
[2025-04-14 11:50:08,739][root][INFO] - wandb_key: 38f6cf3c2c37660d42ebfe8ab434b72d34be3b31
[2025-04-14 11:50:08,739][root][INFO] - wandb_account: rirakang@gachon.ac.kr
[2025-04-14 11:50:10,329][flwr][WARNING] - DEPRECATED FEATURE: flwr.client.start_numpy_client() is deprecated. 
	Instead, use `flwr.client.start_client()` by ensuring you first call the `.to_client()` method as shown below: 
	flwr.client.start_client(
		server_address='<IP>:<PORT>',
		client=FlowerClient().to_client(), # <-- where FlowerClient is of type flwr.client.NumPyClient object
	)
	Using `start_numpy_client()` is deprecated.

            This is a deprecated feature. It will be removed
            entirely in future versions of Flower.
        
[2025-04-14 11:50:10,330][flwr][WARNING] - DEPRECATED FEATURE: flwr.client.start_client() is deprecated.
	Instead, use the `flower-supernode` CLI command to start a SuperNode as shown below:

		$ flower-supernode --insecure --superlink='<IP>:<PORT>'

	To view all available options, run:

		$ flower-supernode --help

	Using `start_client()` is deprecated.

            This is a deprecated feature. It will be removed
            entirely in future versions of Flower.
        
[2025-04-14 11:50:10,344][flwr][DEBUG] - Opened insecure gRPC connection (no certificates were passed)
[2025-04-14 11:50:10,348][flwr][DEBUG] - ChannelConnectivity.IDLE
[2025-04-14 11:50:10,349][flwr][DEBUG] - ChannelConnectivity.CONNECTING
[2025-04-14 11:50:10,352][flwr][DEBUG] - ChannelConnectivity.TRANSIENT_FAILURE
[2025-04-14 11:50:10,555][flwr][DEBUG] - gRPC channel closed
[2025-04-14 11:50:10,556][root][INFO] - [E][PC0002] learning <_MultiThreadedRendezvous of RPC that terminated with:
	status = StatusCode.UNAVAILABLE
	details = "failed to connect to all addresses; last error: UNAVAILABLE: ipv4:192.9.201.228:40025: Socket closed"
	debug_error_string = "UNKNOWN:Error received from peer  {created_time:"2025-04-14T11:50:10.352422903+09:00", grpc_status:14, grpc_message:"failed to connect to all addresses; last error: UNAVAILABLE: ipv4:192.9.201.228:40025: Socket closed"}"
>
[2025-04-14 11:50:10,557][root][INFO] - notify_fail start
[2025-04-14 11:50:10,576][root][ERROR] - trainFin
[2025-04-14 11:56:23,437][root][INFO] - ccl-e-server;b0:7b:25:0e:e7:96-client close
