[2025-04-11 02:54:56,977][root][INFO] - FL_Task - {"dataset": "MNIST", "start_execution_time": "2025-04-11 02:54:56"}
[2025-04-11 02:54:57,045][__main__][INFO] - data loaded
[2025-04-11 02:54:57,071][__main__][INFO] - Latest Local Model download
[2025-04-11 02:54:57,071][root][INFO] - downloaded local_model_name: MNISTClassifier_local_model_V2.pth
[2025-04-11 02:54:57,085][root][INFO] - init model_type: hyperparameter
[2025-04-11 02:55:07,671][root][INFO] - bulid model
[2025-04-11 02:55:07,672][root][INFO] - FL start
[2025-04-11 02:55:07,683][client_api][INFO] - FL_server_IP:port - ccl.gachon.ac.kr:40025
[2025-04-11 02:55:07,685][root][INFO] - FL learning ready
[2025-04-11 02:55:07,686][root][INFO] - fl_task_id: mnist
[2025-04-11 02:55:07,686][root][INFO] - dataset: MNIST
[2025-04-11 02:55:07,686][root][INFO] - output_size: 10
[2025-04-11 02:55:07,686][root][INFO] - validation_split: 0.2
[2025-04-11 02:55:07,686][root][INFO] - model_type: hyperparameter
[2025-04-11 02:55:07,686][root][INFO] - wandb_key: 38f6cf3c2c37660d42ebfe8ab434b72d34be3b31
[2025-04-11 02:55:07,686][root][INFO] - wandb_account: rirakang@gachon.ac.kr
[2025-04-11 02:55:09,367][flwr][WARNING] - DEPRECATED FEATURE: flwr.client.start_numpy_client() is deprecated. 
	Instead, use `flwr.client.start_client()` by ensuring you first call the `.to_client()` method as shown below: 
	flwr.client.start_client(
		server_address='<IP>:<PORT>',
		client=FlowerClient().to_client(), # <-- where FlowerClient is of type flwr.client.NumPyClient object
	)
	Using `start_numpy_client()` is deprecated.

            This is a deprecated feature. It will be removed
            entirely in future versions of Flower.
        
[2025-04-11 02:55:09,369][flwr][WARNING] - DEPRECATED FEATURE: flwr.client.start_client() is deprecated.
	Instead, use the `flower-supernode` CLI command to start a SuperNode as shown below:

		$ flower-supernode --insecure --superlink='<IP>:<PORT>'

	To view all available options, run:

		$ flower-supernode --help

	Using `start_client()` is deprecated.

            This is a deprecated feature. It will be removed
            entirely in future versions of Flower.
        
[2025-04-11 02:55:09,386][flwr][DEBUG] - Opened insecure gRPC connection (no certificates were passed)
[2025-04-11 02:55:09,391][flwr][DEBUG] - ChannelConnectivity.IDLE
[2025-04-11 02:55:09,392][flwr][DEBUG] - ChannelConnectivity.CONNECTING
[2025-04-11 02:55:09,395][flwr][DEBUG] - ChannelConnectivity.TRANSIENT_FAILURE
[2025-04-11 02:55:09,597][flwr][DEBUG] - gRPC channel closed
[2025-04-11 02:55:09,598][root][INFO] - [E][PC0002] learning <_MultiThreadedRendezvous of RPC that terminated with:
	status = StatusCode.UNAVAILABLE
	details = "failed to connect to all addresses; last error: UNAVAILABLE: ipv4:192.9.201.228:40025: Socket closed"
	debug_error_string = "UNKNOWN:Error received from peer  {grpc_message:"failed to connect to all addresses; last error: UNAVAILABLE: ipv4:192.9.201.228:40025: Socket closed", grpc_status:14, created_time:"2025-04-11T02:55:09.395588818+09:00"}"
>
[2025-04-11 02:55:09,599][root][INFO] - notify_fail start
[2025-04-11 02:55:09,618][root][ERROR] - trainFin
[2025-04-11 02:55:26,896][root][INFO] - bulid model
[2025-04-11 02:55:26,896][root][INFO] - FL start
[2025-04-11 02:55:26,907][client_api][INFO] - FL_server_IP:port - ccl.gachon.ac.kr:40025
[2025-04-11 02:55:26,908][root][INFO] - FL learning ready
[2025-04-11 02:55:26,909][root][INFO] - fl_task_id: mnist
[2025-04-11 02:55:26,909][root][INFO] - dataset: MNIST
[2025-04-11 02:55:26,910][root][INFO] - output_size: 10
[2025-04-11 02:55:26,910][root][INFO] - validation_split: 0.2
[2025-04-11 02:55:26,910][root][INFO] - model_type: hyperparameter
[2025-04-11 02:55:26,911][root][INFO] - wandb_key: 38f6cf3c2c37660d42ebfe8ab434b72d34be3b31
[2025-04-11 02:55:26,911][root][INFO] - wandb_account: rirakang@gachon.ac.kr
[2025-04-11 02:55:26,917][flwr][WARNING] - DEPRECATED FEATURE: flwr.client.start_numpy_client() is deprecated. 
	Instead, use `flwr.client.start_client()` by ensuring you first call the `.to_client()` method as shown below: 
	flwr.client.start_client(
		server_address='<IP>:<PORT>',
		client=FlowerClient().to_client(), # <-- where FlowerClient is of type flwr.client.NumPyClient object
	)
	Using `start_numpy_client()` is deprecated.

            This is a deprecated feature. It will be removed
            entirely in future versions of Flower.
        
[2025-04-11 02:55:26,917][flwr][WARNING] - DEPRECATED FEATURE: flwr.client.start_client() is deprecated.
	Instead, use the `flower-supernode` CLI command to start a SuperNode as shown below:

		$ flower-supernode --insecure --superlink='<IP>:<PORT>'

	To view all available options, run:

		$ flower-supernode --help

	Using `start_client()` is deprecated.

            This is a deprecated feature. It will be removed
            entirely in future versions of Flower.
        
[2025-04-11 02:55:26,920][flwr][DEBUG] - Opened insecure gRPC connection (no certificates were passed)
[2025-04-11 02:55:26,925][flwr][DEBUG] - ChannelConnectivity.IDLE
[2025-04-11 02:55:26,926][flwr][DEBUG] - ChannelConnectivity.CONNECTING
[2025-04-11 02:55:26,930][flwr][DEBUG] - ChannelConnectivity.TRANSIENT_FAILURE
[2025-04-11 02:55:27,133][flwr][DEBUG] - gRPC channel closed
[2025-04-11 02:55:27,134][root][INFO] - [E][PC0002] learning <_MultiThreadedRendezvous of RPC that terminated with:
	status = StatusCode.UNAVAILABLE
	details = "failed to connect to all addresses; last error: UNAVAILABLE: ipv4:192.9.201.228:40025: Socket closed"
	debug_error_string = "UNKNOWN:Error received from peer  {created_time:"2025-04-11T02:55:26.930018115+09:00", grpc_status:14, grpc_message:"failed to connect to all addresses; last error: UNAVAILABLE: ipv4:192.9.201.228:40025: Socket closed"}"
>
[2025-04-11 02:55:27,135][root][INFO] - notify_fail start
[2025-04-11 02:55:27,157][root][ERROR] - trainFin
[2025-04-11 02:59:45,946][root][INFO] - ccl-e-server;b0:7b:25:0e:e7:96-client close
